{"C:\\Users\\Admin\\JavaScript\\js-oop\\src\\character.js": {"path":"C:\\Users\\Admin\\JavaScript\\js-oop\\src\\character.js","statementMap":{"0":{"start":{"line":3,"column":20},"end":{"line":3,"column":85}},"1":{"start":{"line":5,"column":6},"end":{"line":7,"column":7}},"2":{"start":{"line":6,"column":8},"end":{"line":6,"column":68}},"3":{"start":{"line":9,"column":6},"end":{"line":11,"column":7}},"4":{"start":{"line":10,"column":8},"end":{"line":10,"column":50}},"5":{"start":{"line":13,"column":6},"end":{"line":13,"column":23}},"6":{"start":{"line":14,"column":6},"end":{"line":14,"column":23}},"7":{"start":{"line":15,"column":6},"end":{"line":15,"column":24}},"8":{"start":{"line":16,"column":6},"end":{"line":16,"column":21}},"9":{"start":{"line":17,"column":6},"end":{"line":17,"column":24}},"10":{"start":{"line":18,"column":6},"end":{"line":18,"column":25}},"11":{"start":{"line":20,"column":6},"end":{"line":47,"column":7}},"12":{"start":{"line":22,"column":10},"end":{"line":22,"column":27}},"13":{"start":{"line":23,"column":10},"end":{"line":23,"column":28}},"14":{"start":{"line":24,"column":10},"end":{"line":24,"column":16}},"15":{"start":{"line":26,"column":10},"end":{"line":26,"column":27}},"16":{"start":{"line":27,"column":10},"end":{"line":27,"column":28}},"17":{"start":{"line":28,"column":10},"end":{"line":28,"column":16}},"18":{"start":{"line":30,"column":10},"end":{"line":30,"column":27}},"19":{"start":{"line":31,"column":10},"end":{"line":31,"column":28}},"20":{"start":{"line":32,"column":10},"end":{"line":32,"column":16}},"21":{"start":{"line":34,"column":10},"end":{"line":34,"column":27}},"22":{"start":{"line":35,"column":10},"end":{"line":35,"column":28}},"23":{"start":{"line":36,"column":10},"end":{"line":36,"column":16}},"24":{"start":{"line":38,"column":10},"end":{"line":38,"column":27}},"25":{"start":{"line":39,"column":10},"end":{"line":39,"column":28}},"26":{"start":{"line":40,"column":10},"end":{"line":40,"column":16}},"27":{"start":{"line":42,"column":10},"end":{"line":42,"column":27}},"28":{"start":{"line":43,"column":10},"end":{"line":43,"column":28}},"29":{"start":{"line":44,"column":10},"end":{"line":44,"column":16}},"30":{"start":{"line":46,"column":10},"end":{"line":46,"column":52}},"31":{"start":{"line":51,"column":8},"end":{"line":53,"column":9}},"32":{"start":{"line":52,"column":12},"end":{"line":52,"column":62}},"33":{"start":{"line":54,"column":8},"end":{"line":54,"column":24}},"34":{"start":{"line":55,"column":8},"end":{"line":55,"column":27}},"35":{"start":{"line":56,"column":8},"end":{"line":56,"column":28}},"36":{"start":{"line":57,"column":8},"end":{"line":57,"column":26}},"37":{"start":{"line":61,"column":8},"end":{"line":61,"column":57}},"38":{"start":{"line":62,"column":8},"end":{"line":64,"column":9}},"39":{"start":{"line":63,"column":12},"end":{"line":63,"column":28}},"40":{"start":{"line":70,"column":6},"end":{"line":70,"column":28}},"41":{"start":{"line":76,"column":6},"end":{"line":76,"column":31}},"42":{"start":{"line":82,"column":6},"end":{"line":82,"column":30}},"43":{"start":{"line":88,"column":6},"end":{"line":88,"column":28}},"44":{"start":{"line":94,"column":6},"end":{"line":94,"column":28}},"45":{"start":{"line":100,"column":6},"end":{"line":100,"column":28}}},"fnMap":{"0":{"name":"(anonymous_0)","decl":{"start":{"line":2,"column":4},"end":{"line":2,"column":5}},"loc":{"start":{"line":2,"column":28},"end":{"line":48,"column":5}},"line":2},"1":{"name":"(anonymous_1)","decl":{"start":{"line":50,"column":4},"end":{"line":50,"column":5}},"loc":{"start":{"line":50,"column":14},"end":{"line":58,"column":5}},"line":50},"2":{"name":"(anonymous_2)","decl":{"start":{"line":60,"column":4},"end":{"line":60,"column":5}},"loc":{"start":{"line":60,"column":19},"end":{"line":65,"column":5}},"line":60},"3":{"name":"(anonymous_3)","decl":{"start":{"line":69,"column":4},"end":{"line":69,"column":5}},"loc":{"start":{"line":69,"column":22},"end":{"line":71,"column":5}},"line":69},"4":{"name":"(anonymous_4)","decl":{"start":{"line":75,"column":4},"end":{"line":75,"column":5}},"loc":{"start":{"line":75,"column":22},"end":{"line":77,"column":5}},"line":75},"5":{"name":"(anonymous_5)","decl":{"start":{"line":81,"column":4},"end":{"line":81,"column":5}},"loc":{"start":{"line":81,"column":22},"end":{"line":83,"column":5}},"line":81},"6":{"name":"(anonymous_6)","decl":{"start":{"line":87,"column":4},"end":{"line":87,"column":5}},"loc":{"start":{"line":87,"column":22},"end":{"line":89,"column":5}},"line":87},"7":{"name":"(anonymous_7)","decl":{"start":{"line":93,"column":4},"end":{"line":93,"column":5}},"loc":{"start":{"line":93,"column":22},"end":{"line":95,"column":5}},"line":93},"8":{"name":"(anonymous_8)","decl":{"start":{"line":99,"column":4},"end":{"line":99,"column":5}},"loc":{"start":{"line":99,"column":22},"end":{"line":101,"column":5}},"line":99}},"branchMap":{"0":{"loc":{"start":{"line":5,"column":6},"end":{"line":7,"column":7}},"type":"if","locations":[{"start":{"line":5,"column":6},"end":{"line":7,"column":7}},{"start":{},"end":{}}],"line":5},"1":{"loc":{"start":{"line":5,"column":10},"end":{"line":5,"column":45}},"type":"binary-expr","locations":[{"start":{"line":5,"column":10},"end":{"line":5,"column":25}},{"start":{"line":5,"column":29},"end":{"line":5,"column":45}}],"line":5},"2":{"loc":{"start":{"line":9,"column":6},"end":{"line":11,"column":7}},"type":"if","locations":[{"start":{"line":9,"column":6},"end":{"line":11,"column":7}},{"start":{},"end":{}}],"line":9},"3":{"loc":{"start":{"line":20,"column":6},"end":{"line":47,"column":7}},"type":"switch","locations":[{"start":{"line":21,"column":8},"end":{"line":24,"column":16}},{"start":{"line":25,"column":8},"end":{"line":28,"column":16}},{"start":{"line":29,"column":8},"end":{"line":32,"column":16}},{"start":{"line":33,"column":8},"end":{"line":36,"column":16}},{"start":{"line":37,"column":8},"end":{"line":40,"column":16}},{"start":{"line":41,"column":8},"end":{"line":44,"column":16}},{"start":{"line":45,"column":8},"end":{"line":46,"column":52}}],"line":20},"4":{"loc":{"start":{"line":51,"column":8},"end":{"line":53,"column":9}},"type":"if","locations":[{"start":{"line":51,"column":8},"end":{"line":53,"column":9}},{"start":{},"end":{}}],"line":51},"5":{"loc":{"start":{"line":62,"column":8},"end":{"line":64,"column":9}},"type":"if","locations":[{"start":{"line":62,"column":8},"end":{"line":64,"column":9}},{"start":{},"end":{}}],"line":62}},"s":{"0":14,"1":14,"2":1,"3":13,"4":1,"5":12,"6":12,"7":12,"8":12,"9":12,"10":12,"11":12,"12":7,"13":7,"14":7,"15":1,"16":1,"17":1,"18":1,"19":1,"20":1,"21":1,"22":1,"23":1,"24":1,"25":1,"26":1,"27":1,"28":1,"29":1,"30":0,"31":4,"32":1,"33":3,"34":3,"35":3,"36":3,"37":2,"38":2,"39":1,"40":1,"41":1,"42":1,"43":1,"44":1,"45":1},"f":{"0":14,"1":4,"2":2,"3":1,"4":1,"5":1,"6":1,"7":1,"8":1},"b":{"0":[1,13],"1":[14,13],"2":[1,12],"3":[7,1,1,1,1,1,0],"4":[1,3],"5":[1,1]},"_coverageSchema":"1a1c01bbd47fc00a2c39e90264f33305004495a9","hash":"af60e96d4b115c19ed857c99f6a4b947ca68a9f6"}
}
