TN:
SF:src\character.js
FN:2,(anonymous_0)
FN:50,(anonymous_1)
FN:60,(anonymous_2)
FN:69,(anonymous_3)
FN:75,(anonymous_4)
FN:81,(anonymous_5)
FN:87,(anonymous_6)
FN:93,(anonymous_7)
FN:99,(anonymous_8)
FNF:9
FNH:9
FNDA:14,(anonymous_0)
FNDA:4,(anonymous_1)
FNDA:2,(anonymous_2)
FNDA:1,(anonymous_3)
FNDA:1,(anonymous_4)
FNDA:1,(anonymous_5)
FNDA:1,(anonymous_6)
FNDA:1,(anonymous_7)
FNDA:1,(anonymous_8)
DA:3,14
DA:5,14
DA:6,1
DA:9,13
DA:10,1
DA:13,12
DA:14,12
DA:15,12
DA:16,12
DA:17,12
DA:18,12
DA:20,12
DA:22,7
DA:23,7
DA:24,7
DA:26,1
DA:27,1
DA:28,1
DA:30,1
DA:31,1
DA:32,1
DA:34,1
DA:35,1
DA:36,1
DA:38,1
DA:39,1
DA:40,1
DA:42,1
DA:43,1
DA:44,1
DA:46,0
DA:51,4
DA:52,1
DA:54,3
DA:55,3
DA:56,3
DA:57,3
DA:61,2
DA:62,2
DA:63,1
DA:70,1
DA:76,1
DA:82,1
DA:88,1
DA:94,1
DA:100,1
LF:46
LH:45
BRDA:5,0,0,1
BRDA:5,0,1,13
BRDA:5,1,0,14
BRDA:5,1,1,13
BRDA:9,2,0,1
BRDA:9,2,1,12
BRDA:20,3,0,7
BRDA:20,3,1,1
BRDA:20,3,2,1
BRDA:20,3,3,1
BRDA:20,3,4,1
BRDA:20,3,5,1
BRDA:20,3,6,0
BRDA:51,4,0,1
BRDA:51,4,1,3
BRDA:62,5,0,1
BRDA:62,5,1,1
BRF:17
BRH:16
end_of_record
